<?xml version="1.0" encoding="UTF-8"?>
<!-- Generated by org.testng.reporters.JUnitXMLReporter -->
<testsuite ignored="2" hostname="Nitesh" failures="0" tests="1" name="Car Loan" time="0.004" errors="0" timestamp="2025-01-19T11:23:20 IST">
  <testcase classname="TestNGPractice.Test3" name="fifthTest" time="0.002"/>
  <testcase classname="TestNGPractice.Test3" name="sixthTest" time="0.0">
    <ignored/>
  </testcase> <!-- sixthTest -->
  <testcase classname="TestNGPractice.Test3" name="fourthTestCarLoan" time="0.0">
    <ignored/>
  </testcase> <!-- fourthTestCarLoan -->
</testsuite> <!-- Car Loan -->
