<?xml version="1.0" encoding="UTF-8"?>
<!-- Generated by org.testng.reporters.JUnitXMLReporter -->
<testsuite ignored="0" hostname="Nitesh" failures="0" tests="3" name="Home Loan" time="0.01" errors="0" timestamp="2025-01-19T11:23:20 IST">
  <testcase classname="TestNGPractice.Test4" name="eigthTestHomeLoan" time="0.001"/>
  <testcase classname="TestNGPractice.Test4" name="ninethTestHomeLoan" time="0.001"/>
  <testcase classname="TestNGPractice.Test4" name="seventhTestHomeLoan" time="0.001"/>
</testsuite> <!-- Home Loan -->
