<?xml version="1.0" encoding="UTF-8"?>
<!-- Generated by org.testng.reporters.JUnitXMLReporter -->
<testsuite ignored="5" hostname="Nitesh" failures="0" tests="4" name="Regression" time="0.039" errors="0" timestamp="2025-01-19T11:50:17 IST">
  <testcase classname="TestNGPractice.Test2" name="thirdTest" time="0.006"/>
  <testcase classname="TestNGPractice.Test1" name="Demo" time="0.001"/>
  <testcase classname="TestNGPractice.Test3" name="fifthTest" time="0.001"/>
  <testcase classname="TestNGPractice.Test4" name="eigthTestHomeLoan" time="0.002"/>
  <testcase classname="TestNGPractice.Test3" name="sixthTest" time="0.0">
    <ignored/>
  </testcase> <!-- sixthTest -->
  <testcase classname="TestNGPractice.Test4" name="ninethTestHomeLoan" time="0.0">
    <ignored/>
  </testcase> <!-- ninethTestHomeLoan -->
  <testcase classname="TestNGPractice.Test3" name="fourthTestCarLoan" time="0.0">
    <ignored/>
  </testcase> <!-- fourthTestCarLoan -->
  <testcase classname="TestNGPractice.Test1" name="secondTest" time="0.0">
    <ignored/>
  </testcase> <!-- secondTest -->
  <testcase classname="TestNGPractice.Test4" name="seventhTestHomeLoan" time="0.0">
    <ignored/>
  </testcase> <!-- seventhTestHomeLoan -->
</testsuite> <!-- Regression -->
